11:48:30.28     服务器初始化
11:48:30.28     Port:8080
11:48:30.32     初始化控制台
11:48:30.32     服务器执行成功
11:48:32.79     程序强制关闭,按任意键继续
11:48:44.54     服务器初始化
11:48:47.31     Port:8080
11:49:00.99     初始化控制台
11:50:29.19     服务器初始化
11:50:29.19     Port:8080
11:50:29.21     初始化控制台
11:50:29.21     服务器执行成功
11:50:35.12     程序强制关闭,按任意键继续
11:53:41.20     服务器初始化
11:53:47.52     Port:8080
11:53:47.55     初始化控制台
11:53:47.55     服务器执行成功
11:53:49.94     程序强制关闭,按任意键继续
11:54:02.76     服务器初始化
11:54:02.76     Port:8080
11:54:02.81     初始化控制台
11:54:02.81     服务器执行成功
11:54:18.27     程序强制关闭,按任意键继续
11:55:20.78     服务器初始化
11:55:20.78     Port:8080
11:55:20.82     初始化控制台
11:55:20.82     服务器执行成功
11:55:24.27     程序强制关闭,按任意键继续
11:56:28.12     服务器初始化
11:56:28.12     Port:8080
11:56:28.16     初始化控制台
11:56:28.16     服务器执行成功
11:56:29.49     程序强制关闭,按任意键继续
11:56:59.61     服务器初始化
11:56:59.61     Port:8080
11:56:59.66     初始化控制台
11:56:59.66     服务器执行成功
11:57:01.03     程序强制关闭,按任意键继续
11:57:36.24     服务器初始化
11:57:36.24     Port:8080
11:57:36.27     初始化控制台
11:57:36.27     服务器执行成功
11:57:38.21     程序强制关闭,按任意键继续
11:58:05.69     服务器初始化
11:58:05.69     Port:8080
11:58:05.72     初始化控制台
11:58:05.72     服务器执行成功
11:58:07.12     程序强制关闭,按任意键继续
11:59:18.55     服务器初始化
11:59:18.55     Port:8080
11:59:18.58     以一种访问权限不允许的方式做了一个访问套接字的尝试。
11:59:18.58     初始化控制台
11:59:18.58     服务器执行成功
11:59:22.63     程序强制关闭,按任意键继续
12:00:03.16     服务器初始化
12:00:03.16     Port:8080
12:00:03.21     初始化控制台
12:00:03.21     服务器执行成功
12:00:06.91     程序强制关闭,按任意键继续
12:00:33.23     服务器初始化
12:00:33.23     Port:8080
12:00:33.28     初始化控制台
12:00:33.28     服务器执行成功
12:14:04.82     服务器初始化
12:14:04.82     Port:8080
12:14:04.86     初始化控制台
12:14:04.86     服务器执行成功
12:14:09.62     程序强制关闭,按任意键继续
12:24:07.84     服务器初始化
12:24:07.84     Port:8080
12:24:07.86     初始化控制台
12:24:07.86     服务器执行成功
12:24:09.20     程序强制关闭,按任意键继续
12:26:21.86     服务器初始化
12:26:21.86     Port:8080
12:26:21.90     初始化控制台
12:26:21.90     服务器执行成功
12:26:24.17     程序强制关闭,按任意键继续
12:27:13.99     服务器初始化
12:27:13.99     Port:8088
12:27:14.04     初始化控制台
12:27:14.04     服务器执行成功
12:27:15.24     程序强制关闭,按任意键继续
12:32:04.06     服务器初始化
12:32:04.06     Port:8088
12:32:04.09     初始化控制台
12:32:04.09     服务器执行成功
12:32:12.07     程序强制关闭,按任意键继续
12:34:04.10     服务器初始化
12:34:04.10     Port:6666
12:34:04.15     初始化控制台
12:34:04.15     服务器执行成功
12:34:05.36     程序强制关闭,按任意键继续
12:34:16.50     服务器初始化
12:34:16.50     Port:8888
12:34:16.55     初始化控制台
12:34:16.55     服务器执行成功
12:34:19.45     程序强制关闭,按任意键继续
12:34:52.35     服务器初始化
12:34:52.35     Port:8888
12:34:52.40     初始化控制台
12:34:52.40     服务器执行成功
12:46:20.58     服务器初始化
12:46:20.58     Port:8888
12:46:20.61     初始化控制台
12:46:20.62     服务器执行成功
12:47:41.72     程序强制关闭,按任意键继续
12:49:56.34     服务器初始化
12:49:56.34     Port:8888
12:49:56.39     初始化控制台
12:49:56.39     服务器执行成功
02:17:55.97     服务器初始化
02:17:55.97     Port:8888
02:17:56.00     初始化控制台
02:17:56.00     服务器执行成功
02:26:27.80     服务器初始化
02:26:27.80     Port:8888
02:26:27.85     初始化控制台
02:26:27.85     服务器执行成功
02:31:56.62     head.jpg  图片已存在
02:38:21.27     head.jpg  图片已存在
02:40:26.59     head.jpg  图片已存在
02:51:22.09     head.jpg  图片已存在
02:52:22.20     head.jpg  图片已存在
02:53:55.81     head.jpg  图片已存在
05:30:38.36     服务器初始化
05:30:38.37     Port:8888
05:30:38.41     初始化控制台
05:30:38.41     服务器执行成功
06:08:29.71     程序强制关闭,按任意键继续
