12:35:09.41     用户请求登录消息到达
12:35:09.89     username = 13817826484请求登录验证成功
12:35:20.65     请求用户数据
12:37:06.77     用户退出客户端主动断开连接
12:37:06.77     9玩家下线了
12:37:21.74     用户请求登录消息到达
12:37:21.74     username = 13817826484请求登录验证成功
12:37:21.76     请求用户数据
12:46:38.98     用户请求登录消息到达
12:46:39.31     username = 13817826484请求登录验证成功
12:46:39.34     请求用户数据
12:50:07.69     用户请求登录消息到达
12:50:08.01     username = 13817826484请求登录验证成功
12:50:08.04     请求用户数据
12:51:16.63     用户退出客户端主动断开连接
12:51:16.63     9玩家下线了
12:51:30.64     用户请求登录消息到达
12:51:30.64     username = 13817826484请求登录验证成功
12:51:30.66     请求用户数据
12:51:40.56     用户请求重命名昵称
02:18:25.58     用户请求登录消息到达
02:18:26.16     username = 13817826484请求登录验证成功
02:18:26.24     请求用户数据
02:27:03.19     用户请求登录消息到达
02:27:03.50     username = 13817826484请求登录验证成功
02:27:03.56     请求用户数据
02:31:16.21     用户退出客户端主动断开连接
02:31:16.21     9玩家下线了
02:31:30.21     用户请求登录消息到达
02:31:30.21     username = 13817826484请求登录验证成功
02:31:30.23     请求用户数据
02:32:32.34     用户退出客户端主动断开连接
02:32:32.34     9玩家下线了
02:32:41.28     用户请求登录消息到达
02:32:41.28     username = 13817826484请求登录验证成功
02:32:41.30     请求用户数据
02:34:37.85     用户退出客户端主动断开连接
02:34:37.85     9玩家下线了
02:34:47.66     用户请求登录消息到达
02:34:47.66     username = 13817826484请求登录验证成功
02:34:47.69     请求用户数据
02:37:47.66     用户退出客户端主动断开连接
02:37:47.66     9玩家下线了
02:37:56.86     用户请求登录消息到达
02:37:56.86     username = 13817826484请求登录验证成功
02:37:56.89     请求用户数据
02:40:01.24     用户退出客户端主动断开连接
02:40:01.24     9玩家下线了
02:40:12.54     用户请求登录消息到达
02:40:12.54     username = 13817826484请求登录验证成功
02:40:12.57     请求用户数据
02:40:45.93     用户请求退出登录
02:40:45.93     9玩家下线了
02:40:56.27     用户请求登录消息到达
02:41:14.16     用户请求登录消息到达
02:41:14.16     username = 15853158785请求登录验证成功
02:41:14.16     请求用户数据
02:48:52.60     用户退出客户端主动断开连接
02:48:52.60     10玩家下线了
02:49:03.53     用户请求登录消息到达
02:49:03.53     username = 13817826484请求登录验证成功
02:49:03.55     请求用户数据
02:50:53.60     用户退出客户端主动断开连接
02:50:53.60     9玩家下线了
02:51:02.20     用户请求登录消息到达
02:51:02.20     username = 13817826484请求登录验证成功
02:51:02.22     请求用户数据
02:53:27.61     用户退出客户端主动断开连接
02:53:27.61     9玩家下线了
02:53:36.95     用户请求登录消息到达
02:53:36.95     username = 13817826484请求登录验证成功
02:53:36.98     请求用户数据
02:54:02.89     用户请求退出登录
02:54:02.89     9玩家下线了
02:54:10.44     用户请求登录消息到达
02:54:10.44     username = 15853158785请求登录验证成功
02:54:10.44     请求用户数据
02:55:28.06     用户请求退出登录
02:55:28.06     10玩家下线了
02:55:29.03     用户请求登录消息到达
02:55:29.03     username = 15853158785请求登录验证成功
02:55:29.03     请求用户数据
02:58:21.09     用户退出客户端主动断开连接
02:58:21.09     10玩家下线了
03:19:52.68     用户退出客户端主动断开连接
03:20:52.68     用户退出客户端主动断开连接
03:22:27.56     用户退出客户端主动断开连接
03:25:15.12     用户退出客户端主动断开连接
03:26:05.91     用户退出客户端主动断开连接
03:26:57.22     用户退出客户端主动断开连接
03:28:29.16     用户退出客户端主动断开连接
03:29:03.40     用户退出客户端主动断开连接
03:29:46.19     用户退出客户端主动断开连接
03:40:03.60     用户退出客户端主动断开连接
03:43:45.00     用户退出客户端主动断开连接
03:46:14.90     用户退出客户端主动断开连接
03:46:40.29     用户退出客户端主动断开连接
03:48:32.03     用户退出客户端主动断开连接
03:54:41.27     用户退出客户端主动断开连接
03:55:21.09     用户退出客户端主动断开连接
03:56:07.34     用户退出客户端主动断开连接
03:59:06.92     用户退出客户端主动断开连接
03:59:30.08     用户退出客户端主动断开连接
04:02:20.52     用户退出客户端主动断开连接
04:02:44.08     用户退出客户端主动断开连接
04:06:05.29     用户退出客户端主动断开连接
04:06:47.36     用户退出客户端主动断开连接
04:08:01.40     用户退出客户端主动断开连接
04:09:01.41     用户退出客户端主动断开连接
04:10:50.10     用户退出客户端主动断开连接
04:11:14.41     用户退出客户端主动断开连接
04:29:29.63     用户退出客户端主动断开连接
04:31:26.15     用户退出客户端主动断开连接
04:31:47.00     用户退出客户端主动断开连接
04:32:50.42     用户退出客户端主动断开连接
04:37:13.36     用户退出客户端主动断开连接
04:37:58.59     用户退出客户端主动断开连接
04:41:17.18     用户退出客户端主动断开连接
04:52:13.81     用户退出客户端主动断开连接
04:53:47.11     用户退出客户端主动断开连接
04:56:33.13     用户退出客户端主动断开连接
04:57:54.65     用户退出客户端主动断开连接
05:00:26.94     用户退出客户端主动断开连接
05:01:03.08     用户退出客户端主动断开连接
05:01:30.71     用户退出客户端主动断开连接
05:11:30.89     用户退出客户端主动断开连接
05:11:41.62     用户请求登录消息到达
05:11:41.62     username = 13817826484请求登录验证成功
05:11:41.65     请求用户数据
05:45:44.55     用户请求登录消息到达
05:45:44.92     username = 15853158785请求登录验证成功
05:45:44.94     请求用户数据
05:46:22.43     用户退出客户端主动断开连接
05:46:22.43     10玩家下线了
05:46:36.93     用户请求登录消息到达
05:46:36.93     username = 15853158785请求登录验证成功
05:46:36.95     请求用户数据
